Build started 16/02/2016 19:37:51.
     1>Project "C:\Users\Josh\Desktop\a-\dataStructures2\dataStructures2\dataStructures2.vcxproj" on node 2 (Build target(s)).
     1>ClCompile:
         C:\Program Files (x86)\Microsoft Visual Studio 12.0\VC\bin\CL.exe /c /I"C:\SFML-2.3.2\include" /Zi /nologo /W3 /WX- /sdl /O2 /Oi /Oy- /GL /D WIN32 /D NDEBUG /D _CONSOLE /D _LIB /D _UNICODE /D UNICODE /Gm- /EHsc /MD /GS /Gy /fp:precise /Zc:wchar_t /Zc:forScope /Yu"stdafx.h" /Fp"Release\dataStructures2.pch" /Fo"Release\\" /Fd"Release\vc120.pdb" /Gd /TP /analyze- /errorReport:prompt main.cpp
         main.cpp
     1>main.cpp(252): warning C4018: '<' : signed/unsigned mismatch
     1>main.cpp(286): warning C4244: 'initializing' : conversion from 'const float' to 'int', possible loss of data
     1>main.cpp(306): warning C4244: 'initializing' : conversion from 'const float' to 'int', possible loss of data
     1>main.cpp(329): warning C4244: 'initializing' : conversion from 'const float' to 'int', possible loss of data
     1>main.cpp(352): warning C4018: '<' : signed/unsigned mismatch
     1>main.cpp(354): warning C4018: '<' : signed/unsigned mismatch
     1>main.cpp(367): warning C4018: '<' : signed/unsigned mismatch
     1>main.cpp(372): warning C4018: '<' : signed/unsigned mismatch
     1>main.cpp(407): warning C4018: '<' : signed/unsigned mismatch
     1>main.cpp(122): warning C4101: 'gn' : unreferenced local variable
     1>main.cpp(122): warning C4101: 'hn' : unreferenced local variable
     1>c:\users\josh\desktop\a-\datastructures2\datastructures2\Graph.h(490): warning C4244: 'initializing' : conversion from 'const float' to 'int', possible loss of data
                 c:\users\josh\desktop\a-\datastructures2\datastructures2\Graph.h(458) : while compiling class template member function 'void Graph<std::tuple<std::string,float,float,float,float>,int>::aStar(GraphNode<std::tuple<std::string,float,float,float,float>,int> *,GraphNode<std::tuple<std::string,float,float,float,float>,int> *,void (__cdecl *)(GraphNode<std::tuple<std::string,float,float,float,float>,int> *),std::vector<Node *,std::allocator<_Ty>> &)'
                 with
                 [
                     _Ty=Node *
                 ]
                 main.cpp(272) : see reference to function template instantiation 'void Graph<std::tuple<std::string,float,float,float,float>,int>::aStar(GraphNode<std::tuple<std::string,float,float,float,float>,int> *,GraphNode<std::tuple<std::string,float,float,float,float>,int> *,void (__cdecl *)(GraphNode<std::tuple<std::string,float,float,float,float>,int> *),std::vector<Node *,std::allocator<_Ty>> &)' being compiled
                 with
                 [
                     _Ty=Node *
                 ]
                 main.cpp(118) : see reference to class template instantiation 'Graph<std::tuple<std::string,float,float,float,float>,int>' being compiled
     1>c:\users\josh\desktop\a-\datastructures2\datastructures2\Graph.h(491): warning C4244: 'initializing' : conversion from 'const float' to 'int', possible loss of data
     1>c:\users\josh\desktop\a-\datastructures2\datastructures2\Graph.h(493): warning C4244: 'initializing' : conversion from 'const float' to 'int', possible loss of data
     1>C:\Program Files (x86)\Microsoft Visual Studio 12.0\VC\include\tuple(80): warning C4244: 'initializing' : conversion from 'int' to 'float', possible loss of data
                 C:\Program Files (x86)\Microsoft Visual Studio 12.0\VC\include\tuple(233) : see reference to function template instantiation 'std::_Tuple_val<_This>::_Tuple_val<_Ty>(_Other &&)' being compiled
                 with
                 [
                     _This=float
         ,            _Ty=int
         ,            _Other=int
                 ]
                 C:\Program Files (x86)\Microsoft Visual Studio 12.0\VC\include\tuple(233) : see reference to function template instantiation 'std::_Tuple_val<_This>::_Tuple_val<_Ty>(_Other &&)' being compiled
                 with
                 [
                     _This=float
         ,            _Ty=int
         ,            _Other=int
                 ]
                 C:\Program Files (x86)\Microsoft Visual Studio 12.0\VC\include\tuple(233) : see reference to function template instantiation 'std::tuple<float,float,float,float>::tuple<_Ty,_Ty,int&,int&,std::_Tuple_enable<std::tuple<>,std::tuple<>>::type>(_This2 &&,_Ty &&,int &,int &)' being compiled
                 with
                 [
                     _Ty=int
         ,            _This2=int
                 ]
                 C:\Program Files (x86)\Microsoft Visual Studio 12.0\VC\include\tuple(233) : see reference to function template instantiation 'std::tuple<float,float,float,float>::tuple<_Ty,_Ty,int&,int&,std::_Tuple_enable<std::tuple<>,std::tuple<>>::type>(_This2 &&,_Ty &&,int &,int &)' being compiled
                 with
                 [
                     _Ty=int
         ,            _This2=int
                 ]
                 main.cpp(127) : see reference to function template instantiation 'std::tuple<std::string,float,float,float,float>::tuple<std::string&,int,int,int&,int&,std::_Tuple_enable<std::tuple<>,std::tuple<>>::type>(_This2,int &&,int &&,int &,int &)' being compiled
                 with
                 [
                     _This2=std::string &
                 ]
                 main.cpp(127) : see reference to function template instantiation 'std::tuple<std::string,float,float,float,float>::tuple<std::string&,int,int,int&,int&,std::_Tuple_enable<std::tuple<>,std::tuple<>>::type>(_This2,int &&,int &&,int &,int &)' being compiled
                 with
                 [
                     _This2=std::string &
                 ]
     1>C:\Program Files (x86)\Microsoft Visual Studio 12.0\VC\include\tuple(80): warning C4244: 'initializing' : conversion from 'const float' to 'int', possible loss of data
                 C:\Program Files (x86)\Microsoft Visual Studio 12.0\VC\include\tuple(197) : see reference to function template instantiation 'std::_Tuple_val<_This>::_Tuple_val<const _Ty&>(_Other)' being compiled
                 with
                 [
                     _This=int
         ,            _Ty=float
         ,            _Other=const float &
                 ]
                 C:\Program Files (x86)\Microsoft Visual Studio 12.0\VC\include\tuple(197) : see reference to function template instantiation 'std::_Tuple_val<_This>::_Tuple_val<const _Ty&>(_Other)' being compiled
                 with
                 [
                     _This=int
         ,            _Ty=float
         ,            _Other=const float &
                 ]
                 C:\Program Files (x86)\Microsoft Visual Studio 12.0\VC\include\tuple(197) : see reference to function template instantiation 'std::tuple<int,int,int,int>::tuple<float,float,float,float,std::_Tuple_enable<std::tuple<>,std::tuple<>>::type>(const std::tuple<float,float,float,float> &)' being compiled
                 C:\Program Files (x86)\Microsoft Visual Studio 12.0\VC\include\tuple(197) : see reference to function template instantiation 'std::tuple<int,int,int,int>::tuple<float,float,float,float,std::_Tuple_enable<std::tuple<>,std::tuple<>>::type>(const std::tuple<float,float,float,float> &)' being compiled
                 c:\users\josh\desktop\a-\datastructures2\datastructures2\Graph.h(55) : see reference to function template instantiation 'std::tuple<std::string,int,int,int,int>::tuple<std::string,float,float,float,float,std::_Tuple_enable<std::tuple<>,std::tuple<>>::type>(const std::tuple<std::string,float,float,float,float> &)' being compiled
                 c:\users\josh\desktop\a-\datastructures2\datastructures2\Graph.h(55) : see reference to function template instantiation 'std::tuple<std::string,int,int,int,int>::tuple<std::string,float,float,float,float,std::_Tuple_enable<std::tuple<>,std::tuple<>>::type>(const std::tuple<std::string,float,float,float,float> &)' being compiled
                 c:\users\josh\desktop\a-\datastructures2\datastructures2\Graph.h(54) : while compiling class template member function 'bool Graph<std::tuple<std::string,float,float,float,float>,int>::NodeSearchCostComparer::operator ()(GraphNode<std::tuple<std::string,float,float,float,float>,int> *,GraphNode<std::tuple<std::string,float,float,float,float>,int> *)'
                 C:\Program Files (x86)\Microsoft Visual Studio 12.0\VC\include\algorithm(2316) : see reference to function template instantiation 'bool Graph<std::tuple<std::string,float,float,float,float>,int>::NodeSearchCostComparer::operator ()(GraphNode<std::tuple<std::string,float,float,float,float>,int> *,GraphNode<std::tuple<std::string,float,float,float,float>,int> *)' being compiled
                 C:\Program Files (x86)\Microsoft Visual Studio 12.0\VC\include\queue(438) : see reference to class template instantiation 'Graph<std::tuple<std::string,float,float,float,float>,int>::NodeSearchCostComparer' being compiled
                 c:\users\josh\desktop\a-\datastructures2\datastructures2\Graph.h(460) : see reference to class template instantiation 'std::priority_queue<GraphNode<std::tuple<std::string,float,float,float,float>,int> *,std::vector<Node *,std::allocator<_Ty>>,Graph<std::tuple<std::string,float,float,float,float>,int>::NodeSearchCostComparer>' being compiled
                 with
                 [
                     _Ty=Node *
                 ]
       Link:
         C:\Program Files (x86)\Microsoft Visual Studio 12.0\VC\bin\link.exe /ERRORREPORT:PROMPT /OUT:"C:\Users\Josh\Desktop\a-\dataStructures2\Release\dataStructures2.exe" /INCREMENTAL:NO /NOLOGO /LIBPATH:"C:\SFML-2.3.2\lib" kernel32.lib user32.lib gdi32.lib winspool.lib comdlg32.lib advapi32.lib shell32.lib ole32.lib oleaut32.lib uuid.lib odbc32.lib odbccp32.lib /MANIFEST /MANIFESTUAC:"level='asInvoker' uiAccess='false'" /manifest:embed /DEBUG /PDB:"C:\Users\Josh\Desktop\a-\dataStructures2\Release\dataStructures2.pdb" /SUBSYSTEM:CONSOLE /OPT:REF /OPT:ICF /LTCG /TLBID:1 /DYNAMICBASE /NXCOMPAT /IMPLIB:"C:\Users\Josh\Desktop\a-\dataStructures2\Release\dataStructures2.lib" /MACHINE:X86 /SAFESEH Release\Circle.obj
         Release\main.obj
         Release\stdafx.obj
         Generating code
         Finished generating code
         dataStructures2.vcxproj -> C:\Users\Josh\Desktop\a-\dataStructures2\Release\dataStructures2.exe
     1>Done Building Project "C:\Users\Josh\Desktop\a-\dataStructures2\dataStructures2\dataStructures2.vcxproj" (Build target(s)).

Build succeeded.

Time Elapsed 00:00:05.46
