c:\datastructures2\datastructures2\debug\datastructures2.pch
c:\datastructures2\datastructures2\debug\vc120.pdb
c:\datastructures2\datastructures2\debug\vc120.idb
c:\datastructures2\datastructures2\debug\stdafx.obj
f:\datastructures2\datastructures2\debug\datastructures2.pch
f:\datastructures2\datastructures2\debug\vc120.pdb
f:\datastructures2\datastructures2\debug\vc120.idb
f:\datastructures2\datastructures2\debug\stdafx.obj
c:\datastructures2\debug\datastructures2.ilk
c:\datastructures2\debug\datastructures2.exe
c:\datastructures2\debug\datastructures2.pdb
f:\datastructures2\debug\datastructures2.ilk
f:\datastructures2\debug\datastructures2.exe
f:\datastructures2\debug\datastructures2.pdb
c:\datastructures2\datastructures2\debug\datastructures2.obj
c:\datastructures2\datastructures2\debug\datastructures2.tlog\cl.command.1.tlog
c:\datastructures2\datastructures2\debug\datastructures2.tlog\cl.read.1.tlog
c:\datastructures2\datastructures2\debug\datastructures2.tlog\cl.write.1.tlog
c:\datastructures2\datastructures2\debug\datastructures2.tlog\link.command.1.tlog
c:\datastructures2\datastructures2\debug\datastructures2.tlog\link.read.1.tlog
c:\datastructures2\datastructures2\debug\datastructures2.tlog\link.write.1.tlog
